<?xml version="1.0" encoding="UTF-8"?>
<!-- Generated by org.testng.reporters.JUnitReportReporter -->
<testsuite hostname="Lenovo-PC" name="TestNG.Allannotation" tests="3" failures="0" timestamp="12 Oct 2018 09:58:10 GMT" time="0.025" errors="0">
  <testcase name="login" time="0.003" classname="TestNG.Allannotation"/>
  <testcase name="check" time="0.008" classname="TestNG.Allannotation"/>
  <testcase name="signout" time="0.014" classname="TestNG.Allannotation"/>
</testsuite> <!-- TestNG.Allannotation -->
