<?xml version="1.0" encoding="UTF-8"?>
<!-- Generated by org.testng.reporters.JUnitReportReporter -->
<testsuite hostname="Lenovo-PC" name="TestNG.ReportTest" tests="1" failures="0" timestamp="19 Oct 2018 08:25:13 GMT" time="8.959" errors="0">
  <testcase name="logintest" time="8.959" classname="TestNG.ReportTest"/>
</testsuite> <!-- TestNG.ReportTest -->
