<?xml version="1.0" encoding="UTF-8"?>
<!-- Generated by org.testng.reporters.JUnitReportReporter -->
<testsuite hostname="Lenovo-PC" name="TestNG.GroupTest" tests="3" failures="0" timestamp="12 Oct 2018 09:58:09 GMT" time="0.005" errors="0">
  <testcase name="test1" time="0.001" classname="TestNG.GroupTest"/>
  <testcase name="setup" time="0.003" classname="TestNG.GroupTest"/>
  <testcase name="test3" time="0.001" classname="TestNG.GroupTest"/>
</testsuite> <!-- TestNG.GroupTest -->
