<?xml version="1.0" encoding="UTF-8"?>
<!-- Generated by org.testng.reporters.JUnitReportReporter -->
<testsuite hostname="Lenovo-PC" name="TestNG.DataproviderTest" tests="2" failures="0" timestamp="12 Oct 2018 08:42:41 GMT" time="0.021" errors="0">
  <testcase name="logintest" time="0.016" classname="TestNG.DataproviderTest"/>
  <testcase name="logintest" time="0.005" classname="TestNG.DataproviderTest"/>
</testsuite> <!-- TestNG.DataproviderTest -->
